<?xml version="1.0" encoding="UTF-8"?>
<testng-results skipped="0" failed="0" ignored="0" total="1" passed="1">
  <reporter-output>
  </reporter-output>
  <suite name="Default suite" duration-ms="15947" started-at="2024-08-02T12:07:26 IST" finished-at="2024-08-02T12:07:42 IST">
    <groups>
    </groups>
    <test name="Default test" duration-ms="15947" started-at="2024-08-02T12:07:26 IST" finished-at="2024-08-02T12:07:42 IST">
      <class name="newbasics.login">
        <test-method status="PASS" signature="setup()[pri:0, instance:newbasics.login@60285225]" name="setup" is-config="true" duration-ms="3791" started-at="2024-08-02T12:07:26 IST" finished-at="2024-08-02T12:07:30 IST">
          <reporter-output>
          </reporter-output>
        </test-method> <!-- setup -->
        <test-method status="PASS" signature="testLogin()[pri:0, instance:newbasics.login@60285225]" name="testLogin" duration-ms="11052" started-at="2024-08-02T12:07:30 IST" finished-at="2024-08-02T12:07:41 IST">
          <reporter-output>
          </reporter-output>
        </test-method> <!-- testLogin -->
        <test-method status="PASS" signature="teardown()[pri:0, instance:newbasics.login@60285225]" name="teardown" is-config="true" duration-ms="1036" started-at="2024-08-02T12:07:41 IST" finished-at="2024-08-02T12:07:42 IST">
          <reporter-output>
          </reporter-output>
        </test-method> <!-- teardown -->
      </class> <!-- newbasics.login -->
    </test> <!-- Default test -->
  </suite> <!-- Default suite -->
</testng-results>
