<?xml version="1.0" encoding="UTF-8"?>
<testng-results skipped="0" failed="0" ignored="0" total="2" passed="2">
  <reporter-output>
  </reporter-output>
  <suite name="Suite" duration-ms="49935" started-at="2024-06-12T12:55:15 IST" finished-at="2024-06-12T12:56:05 IST">
    <groups>
    </groups>
    <test name="Test" duration-ms="49935" started-at="2024-06-12T12:55:15 IST" finished-at="2024-06-12T12:56:05 IST">
      <class name="newbasics.logout">
        <test-method status="PASS" signature="main()[pri:0, instance:newbasics.logout@307f6b8c]" name="main" duration-ms="28082" started-at="2024-06-12T12:55:37 IST" finished-at="2024-06-12T12:56:05 IST">
          <reporter-output>
          </reporter-output>
        </test-method> <!-- main -->
      </class> <!-- newbasics.logout -->
      <class name="newbasics.login">
        <test-method status="PASS" signature="main()[pri:0, instance:newbasics.login@80503]" name="main" duration-ms="21794" started-at="2024-06-12T12:55:15 IST" finished-at="2024-06-12T12:55:37 IST">
          <reporter-output>
          </reporter-output>
        </test-method> <!-- main -->
      </class> <!-- newbasics.login -->
    </test> <!-- Test -->
  </suite> <!-- Suite -->
</testng-results>
